<?xml version="1.0" encoding="UTF-8"?>
<!-- Generated by org.testng.reporters.JUnitReportReporter -->
<testsuite skipped="0" hostname="DESKTOP-QOG61BE" name="scripts.CarsTest" tests="1" failures="0" timestamp="2022-06-06T16:48:26 CDT" time="13.542" errors="0">
  <testcase name="testSignInText" time="13.542" classname="scripts.CarsTest"/>
  <system-out/>
</testsuite> <!-- scripts.CarsTest -->
